test
{ entities: 
   { list: [Function: list],
     get: [Function: get],
     create: [Function: create],
     update: [Function: update],
     remove: [Function: remove] } }
Hello from foo! [app/api/]
{ _readableState: 
   { objectMode: false,
     highWaterMark: 16384,
     buffer: [],
     length: 0,
     pipes: null,
     pipesCount: 0,
     flowing: null,
     ended: false,
     endEmitted: false,
     reading: false,
     sync: true,
     needReadable: false,
     emittedReadable: false,
     readableListening: false,
     defaultEncoding: 'utf8',
     ranOut: false,
     awaitDrain: 0,
     readingMore: false,
     decoder: null,
     encoding: null },
  readable: true,
  domain: null,
  _events: {},
  _maxListeners: undefined,
  socket: 
   { _connecting: false,
     _hadError: false,
     _handle: 
      { fd: undefined,
        writeQueueSize: 0,
        owner: [Circular],
        onread: [Function: onread],
        reading: true },
     _parent: null,
     _host: null,
     _readableState: 
      { objectMode: false,
        highWaterMark: 16384,
        buffer: [],
        length: 0,
        pipes: null,
        pipesCount: 0,
        flowing: true,
        ended: false,
        endEmitted: false,
        reading: false,
        sync: false,
        needReadable: true,
        emittedReadable: false,
        readableListening: false,
        defaultEncoding: 'utf8',
        ranOut: false,
        awaitDrain: 0,
        readingMore: false,
        decoder: null,
        encoding: null,
        resumeScheduled: false },
     readable: true,
     domain: null,
     _events: 
      { end: [Object],
        finish: [Function: onSocketFinish],
        _socketEnd: [Function: onSocketEnd],
        drain: [Object],
        timeout: [Function],
        error: [Object],
        close: [Object],
        data: [Function: socketOnData] },
     _maxListeners: undefined,
     _writableState: 
      { objectMode: false,
        highWaterMark: 16384,
        needDrain: false,
        ending: false,
        ended: false,
        finished: false,
        decodeStrings: false,
        defaultEncoding: 'utf8',
        length: 0,
        writing: false,
        corked: 0,
        sync: true,
        bufferProcessing: false,
        onwrite: [Function],
        writecb: null,
        writelen: 0,
        bufferedRequest: null,
        lastBufferedRequest: null,
        pendingcb: 0,
        prefinished: false,
        errorEmitted: false },
     writable: true,
     allowHalfOpen: true,
     destroyed: false,
     bytesRead: 538,
     _bytesDispatched: 0,
     _writev: null,
     _pendingData: null,
     _pendingEncoding: '',
     server: 
      { domain: null,
        _events: [Object],
        _maxListeners: undefined,
        _connections: 1,
        _handle: [Object],
        _usingSlaves: false,
        _slaves: [],
        allowHalfOpen: true,
        pauseOnConnect: false,
        httpAllowHalfOpen: false,
        timeout: 120000,
        _pipeName: '\\\\.\\pipe\\4abd295b-a51a-4846-bf45-affcdae21269',
        _connectionKey: '-1:\\\\.\\pipe\\4abd295b-a51a-4846-bf45-affcdae21269:-1' },
     _idleTimeout: 120000,
     _idleNext: { _idleNext: [Circular], _idlePrev: [Circular] },
     _idlePrev: { _idleNext: [Circular], _idlePrev: [Circular] },
     _idleStart: 291919346,
     parser: 
      { '0': [Function: parserOnHeaders],
        '1': [Function: parserOnHeadersComplete],
        '2': [Function: parserOnBody],
        '3': [Function: parserOnMessageComplete],
        _headers: [],
        _url: '',
        socket: [Circular],
        incoming: [Circular],
        maxHeaderPairs: 2000,
        onIncoming: [Function: parserOnIncoming] },
     _paused: false,
     read: [Function],
     _consuming: true,
     _httpMessage: 
      { domain: null,
        _events: [Object],
        _maxListeners: undefined,
        output: [],
        outputEncodings: [],
        outputCallbacks: [],
        writable: true,
        _last: false,
        chunkedEncoding: false,
        shouldKeepAlive: true,
        useChunkedEncodingByDefault: true,
        sendDate: true,
        _removedHeader: {},
        _hasBody: true,
        _trailer: '',
        finished: false,
        _hangupClose: false,
        _headerSent: false,
        socket: [Circular],
        connection: [Circular],
        _header: null,
        _headers: [Object],
        _headerNames: [Object],
        req: [Circular],
        locals: [Function: locals],
        _startAt: undefined,
        _startTime: undefined,
        writeHead: [Function: writeHead],
        __onFinished: [Object] } },
  connection: 
   { _connecting: false,
     _hadError: false,
     _handle: 
      { fd: undefined,
        writeQueueSize: 0,
        owner: [Circular],
        onread: [Function: onread],
        reading: true },
     _parent: null,
     _host: null,
     _readableState: 
      { objectMode: false,
        highWaterMark: 16384,
        buffer: [],
        length: 0,
        pipes: null,
        pipesCount: 0,
        flowing: true,
        ended: false,
        endEmitted: false,
        reading: false,
        sync: false,
        needReadable: true,
        emittedReadable: false,
        readableListening: false,
        defaultEncoding: 'utf8',
        ranOut: false,
        awaitDrain: 0,
        readingMore: false,
        decoder: null,
        encoding: null,
        resumeScheduled: false },
     readable: true,
     domain: null,
     _events: 
      { end: [Object],
        finish: [Function: onSocketFinish],
        _socketEnd: [Function: onSocketEnd],
        drain: [Object],
        timeout: [Function],
        error: [Object],
        close: [Object],
        data: [Function: socketOnData] },
     _maxListeners: undefined,
     _writableState: 
      { objectMode: false,
        highWaterMark: 16384,
        needDrain: false,
        ending: false,
        ended: false,
        finished: false,
        decodeStrings: false,
        defaultEncoding: 'utf8',
        length: 0,
        writing: false,
        corked: 0,
        sync: true,
        bufferProcessing: false,
        onwrite: [Function],
        writecb: null,
        writelen: 0,
        bufferedRequest: null,
        lastBufferedRequest: null,
        pendingcb: 0,
        prefinished: false,
        errorEmitted: false },
     writable: true,
     allowHalfOpen: true,
     destroyed: false,
     bytesRead: 538,
     _bytesDispatched: 0,
     _writev: null,
     _pendingData: null,
     _pendingEncoding: '',
     server: 
      { domain: null,
        _events: [Object],
        _maxListeners: undefined,
        _connections: 1,
        _handle: [Object],
        _usingSlaves: false,
        _slaves: [],
        allowHalfOpen: true,
        pauseOnConnect: false,
        httpAllowHalfOpen: false,
        timeout: 120000,
        _pipeName: '\\\\.\\pipe\\4abd295b-a51a-4846-bf45-affcdae21269',
        _connectionKey: '-1:\\\\.\\pipe\\4abd295b-a51a-4846-bf45-affcdae21269:-1' },
     _idleTimeout: 120000,
     _idleNext: { _idleNext: [Circular], _idlePrev: [Circular] },
     _idlePrev: { _idleNext: [Circular], _idlePrev: [Circular] },
     _idleStart: 291919346,
     parser: 
      { '0': [Function: parserOnHeaders],
        '1': [Function: parserOnHeadersComplete],
        '2': [Function: parserOnBody],
        '3': [Function: parserOnMessageComplete],
        _headers: [],
        _url: '',
        socket: [Circular],
        incoming: [Circular],
        maxHeaderPairs: 2000,
        onIncoming: [Function: parserOnIncoming] },
     _paused: false,
     read: [Function],
     _consuming: true,
     _httpMessage: 
      { domain: null,
        _events: [Object],
        _maxListeners: undefined,
        output: [],
        outputEncodings: [],
        outputCallbacks: [],
        writable: true,
        _last: false,
        chunkedEncoding: false,
        shouldKeepAlive: true,
        useChunkedEncodingByDefault: true,
        sendDate: true,
        _removedHeader: {},
        _hasBody: true,
        _trailer: '',
        finished: false,
        _hangupClose: false,
        _headerSent: false,
        socket: [Circular],
        connection: [Circular],
        _header: null,
        _headers: [Object],
        _headerNames: [Object],
        req: [Circular],
        locals: [Function: locals],
        _startAt: undefined,
        _startTime: undefined,
        writeHead: [Function: writeHead],
        __onFinished: [Object] } },
  httpVersionMajor: 1,
  httpVersionMinor: 1,
  httpVersion: '1.1',
  complete: false,
  headers: 
   { 'cache-control': 'max-age=0',
     connection: 'keep-alive',
     'content-length': '0',
     accept: 'text/html,application/xhtml+xml,application/xml;q=0.9,image/webp,*/*;q=0.8',
     'accept-encoding': 'gzip, deflate, sdch',
     'accept-language': 'ru-RU,ru;q=0.8,en-US;q=0.6,en;q=0.4',
     cookie: '__test=1; RememberMe=964395748^1#5071625136449126035',
     host: 'localhost',
     'if-none-match': '"-1012675482"',
     'user-agent': 'Mozilla/5.0 (Windows NT 6.1; WOW64) AppleWebKit/537.36 (KHTML, like Gecko) Chrome/45.0.2454.7 Safari/537.36',
     https: '1',
     'x-original-url': '/app/api/' },
  rawHeaders: 
   [ 'Cache-Control',
     'max-age=0',
     'Connection',
     'keep-alive',
     'Content-Length',
     '0',
     'Accept',
     'text/html,application/xhtml+xml,application/xml;q=0.9,image/webp,*/*;q=0.8',
     'Accept-Encoding',
     'gzip, deflate, sdch',
     'Accept-Language',
     'ru-RU,ru;q=0.8,en-US;q=0.6,en;q=0.4',
     'Cookie',
     '__test=1; RememberMe=964395748^1#5071625136449126035',
     'Host',
     'localhost',
     'If-None-Match',
     '"-1012675482"',
     'User-Agent',
     'Mozilla/5.0 (Windows NT 6.1; WOW64) AppleWebKit/537.36 (KHTML, like Gecko) Chrome/45.0.2454.7 Safari/537.36',
     'HTTPS',
     '1',
     'X-Original-URL',
     '/app/api/' ],
  trailers: {},
  rawTrailers: [],
  _pendings: [],
  _pendingIndex: 0,
  upgrade: false,
  url: '/app/api/',
  method: 'GET',
  statusCode: null,
  statusMessage: null,
  client: 
   { _connecting: false,
     _hadError: false,
     _handle: 
      { fd: undefined,
        writeQueueSize: 0,
        owner: [Circular],
        onread: [Function: onread],
        reading: true },
     _parent: null,
     _host: null,
     _readableState: 
      { objectMode: false,
        highWaterMark: 16384,
        buffer: [],
        length: 0,
        pipes: null,
        pipesCount: 0,
        flowing: true,
        ended: false,
        endEmitted: false,
        reading: false,
        sync: false,
        needReadable: true,
        emittedReadable: false,
        readableListening: false,
        defaultEncoding: 'utf8',
        ranOut: false,
        awaitDrain: 0,
        readingMore: false,
        decoder: null,
        encoding: null,
        resumeScheduled: false },
     readable: true,
     domain: null,
     _events: 
      { end: [Object],
        finish: [Function: onSocketFinish],
        _socketEnd: [Function: onSocketEnd],
        drain: [Object],
        timeout: [Function],
        error: [Object],
        close: [Object],
        data: [Function: socketOnData] },
     _maxListeners: undefined,
     _writableState: 
      { objectMode: false,
        highWaterMark: 16384,
        needDrain: false,
        ending: false,
        ended: false,
        finished: false,
        decodeStrings: false,
        defaultEncoding: 'utf8',
        length: 0,
        writing: false,
        corked: 0,
        sync: true,
        bufferProcessing: false,
        onwrite: [Function],
        writecb: null,
        writelen: 0,
        bufferedRequest: null,
        lastBufferedRequest: null,
        pendingcb: 0,
        prefinished: false,
        errorEmitted: false },
     writable: true,
     allowHalfOpen: true,
     destroyed: false,
     bytesRead: 538,
     _bytesDispatched: 0,
     _writev: null,
     _pendingData: null,
     _pendingEncoding: '',
     server: 
      { domain: null,
        _events: [Object],
        _maxListeners: undefined,
        _connections: 1,
        _handle: [Object],
        _usingSlaves: false,
        _slaves: [],
        allowHalfOpen: true,
        pauseOnConnect: false,
        httpAllowHalfOpen: false,
        timeout: 120000,
        _pipeName: '\\\\.\\pipe\\4abd295b-a51a-4846-bf45-affcdae21269',
        _connectionKey: '-1:\\\\.\\pipe\\4abd295b-a51a-4846-bf45-affcdae21269:-1' },
     _idleTimeout: 120000,
     _idleNext: { _idleNext: [Circular], _idlePrev: [Circular] },
     _idlePrev: { _idleNext: [Circular], _idlePrev: [Circular] },
     _idleStart: 291919346,
     parser: 
      { '0': [Function: parserOnHeaders],
        '1': [Function: parserOnHeadersComplete],
        '2': [Function: parserOnBody],
        '3': [Function: parserOnMessageComplete],
        _headers: [],
        _url: '',
        socket: [Circular],
        incoming: [Circular],
        maxHeaderPairs: 2000,
        onIncoming: [Function: parserOnIncoming] },
     _paused: false,
     read: [Function],
     _consuming: true,
     _httpMessage: 
      { domain: null,
        _events: [Object],
        _maxListeners: undefined,
        output: [],
        outputEncodings: [],
        outputCallbacks: [],
        writable: true,
        _last: false,
        chunkedEncoding: false,
        shouldKeepAlive: true,
        useChunkedEncodingByDefault: true,
        sendDate: true,
        _removedHeader: {},
        _hasBody: true,
        _trailer: '',
        finished: false,
        _hangupClose: false,
        _headerSent: false,
        socket: [Circular],
        connection: [Circular],
        _header: null,
        _headers: [Object],
        _headerNames: [Object],
        req: [Circular],
        locals: [Function: locals],
        _startAt: undefined,
        _startTime: undefined,
        writeHead: [Function: writeHead],
        __onFinished: [Object] } },
  _consuming: false,
  _dumped: false,
  originalUrl: '/app/api/',
  _parsedUrl: 
   { protocol: null,
     slashes: null,
     auth: null,
     host: null,
     port: null,
     hostname: null,
     hash: null,
     search: null,
     query: null,
     pathname: '/app/api/',
     path: '/app/api/',
     href: '/app/api/' },
  query: {},
  res: 
   { domain: null,
     _events: 
      { prefinish: [Function: resOnFinish],
        end: [Function: onevent],
        finish: [Function: onevent] },
     _maxListeners: undefined,
     output: [],
     outputEncodings: [],
     outputCallbacks: [],
     writable: true,
     _last: false,
     chunkedEncoding: false,
     shouldKeepAlive: true,
     useChunkedEncodingByDefault: true,
     sendDate: true,
     _removedHeader: {},
     _hasBody: true,
     _trailer: '',
     finished: false,
     _hangupClose: false,
     _headerSent: false,
     socket: 
      { _connecting: false,
        _hadError: false,
        _handle: [Object],
        _parent: null,
        _host: null,
        _readableState: [Object],
        readable: true,
        domain: null,
        _events: [Object],
        _maxListeners: undefined,
        _writableState: [Object],
        writable: true,
        allowHalfOpen: true,
        destroyed: false,
        bytesRead: 538,
        _bytesDispatched: 0,
        _writev: null,
        _pendingData: null,
        _pendingEncoding: '',
        server: [Object],
        _idleTimeout: 120000,
        _idleNext: [Object],
        _idlePrev: [Object],
        _idleStart: 291919346,
        parser: [Object],
        _paused: false,
        read: [Function],
        _consuming: true,
        _httpMessage: [Circular] },
     connection: 
      { _connecting: false,
        _hadError: false,
        _handle: [Object],
        _parent: null,
        _host: null,
        _readableState: [Object],
        readable: true,
        domain: null,
        _events: [Object],
        _maxListeners: undefined,
        _writableState: [Object],
        writable: true,
        allowHalfOpen: true,
        destroyed: false,
        bytesRead: 538,
        _bytesDispatched: 0,
        _writev: null,
        _pendingData: null,
        _pendingEncoding: '',
        server: [Object],
        _idleTimeout: 120000,
        _idleNext: [Object],
        _idlePrev: [Object],
        _idleStart: 291919346,
        parser: [Object],
        _paused: false,
        read: [Function],
        _consuming: true,
        _httpMessage: [Circular] },
     _header: null,
     _headers: { 'x-powered-by': 'Express' },
     _headerNames: { 'x-powered-by': 'X-Powered-By' },
     req: [Circular],
     locals: [Function: locals],
     _startAt: undefined,
     _startTime: undefined,
     writeHead: [Function: writeHead],
     __onFinished: { [Function: listener] queue: [Object] } },
  next: [Function: next],
  _startAt: [ 291919, 352130223 ],
  _startTime: Tue Jul 21 2015 23:55:31 GMT+0300 (RTZ 2 (зима)),
  _remoteAddress: undefined,
  body: {},
  originalMethod: 'GET',
  _route_index: 5,
  route: 
   { path: '/app/api/',
     method: 'get',
     callbacks: [ [Function] ],
     keys: [],
     regexp: /^\/app\/api\/\/?$/i,
     params: [] },
  params: [] }
